<?xml version="1.0" encoding="UTF-8"?>
<!-- Generated by org.testng.reporters.JUnitReportReporter -->
<testsuite hostname="LAPTOP-J4JMOL8B" failures="0" tests="1" name="TestCases.T002_AccountLogin" time="2.887" errors="0" timestamp="2025-06-27T15:26:16 IST" skipped="0">
  <testcase classname="TestCases.T002_AccountLogin" name="verify_login" time="2.887"/>
</testsuite> <!-- TestCases.T002_AccountLogin -->
