<?xml version="1.0" encoding="UTF-8"?>
<!-- Generated by org.testng.reporters.JUnitReportReporter -->
<testsuite hostname="LAPTOP-J4JMOL8B" failures="0" tests="1" name="TestCases.T001_AccountRegestration" time="4.495" errors="0" timestamp="2025-06-27T15:26:16 IST" skipped="0">
  <testcase classname="TestCases.T001_AccountRegestration" name="verify_accounregistration" time="4.495"/>
</testsuite> <!-- TestCases.T001_AccountRegestration -->
